2014-06-18 12:41:15,302 [21] ERROR Application.Common.CLogger - Namespace: DataAccess.Entity, Class: ClsObject, Method: ReturnObject - Call started.
2014-06-18 12:41:15,307 [21] ERROR Application.Common.CLogger - CommandText: pr_Clinical_SaveUpdate_KNH_PaediatricFollow_FORM_TriageTab
2014-06-18 12:41:15,307 [21] ERROR Application.Common.CLogger - Parameters: 
Name: @Ptn_pk, Type: Int, Value: 3073, Direction: Input
Name: @Visit_Pk, Type: Int, Value: 0, Direction: Input
Name: @locationID, Type: Int, Value: 1018, Direction: Input
Name: @visitDate, Type: DateTime, Value: 18-Jun-2014, Direction: Input
Name: @ChildAccompaniedByCaregiver, Type: Int, Value: 0, Direction: Input
Name: @TreatmentSupporterRelationship, Type: Int, Value: 0, Direction: Input
Name: @PrimaryCareGiver, Type: VarChar, Value: , Direction: Input
Name: @DisclosureStatus, Type: Int, Value: 0, Direction: Input
Name: @ReasonNotDisclosed, Type: VarChar, Value: , Direction: Input
Name: @OtherDisclosureReason, Type: VarChar, Value: , Direction: Input
Name: @FatherAlive2, Type: Int, Value: 9, Direction: Input
Name: @DateOfDeathFather, Type: DateTime, Value: , Direction: Input
Name: @MotherAlive2, Type: Int, Value: 9, Direction: Input
Name: @DateOfDeathMother, Type: DateTime, Value: , Direction: Input
Name: @HealthEducation, Type: Int, Value: , Direction: Input
Name: @SchoolingStatus, Type: Int, Value: 0, Direction: Input
Name: @HighestLevelAttained, Type: Int, Value: 0, Direction: Input
Name: @HIVSupportGroup, Type: Int, Value: , Direction: Input
Name: @HIVSupportGroupMembership, Type: VarChar, Value: , Direction: Input
Name: @AddressChanged, Type: Int, Value: 0, Direction: Input
Name: @AddressChange, Type: VarChar, Value: , Direction: Input
Name: @PhoneNoChange, Type: VarChar, Value: , Direction: Input
Name: @NursesComments, Type: VarChar, Value: , Direction: Input
Name: @Temp, Type: Decimal, Value: 0, Direction: Input
Name: @RR, Type: Decimal, Value: 0, Direction: Input
Name: @HR, Type: Decimal, Value: 0, Direction: Input
Name: @height, Type: Decimal, Value: 33, Direction: Input
Name: @weight, Type: Decimal, Value: 33, Direction: Input
Name: @BPDiastolic, Type: Decimal, Value: 33, Direction: Input
Name: @BPSystolic, Type: Decimal, Value: 33, Direction: Input
Name: @HeadCircumference, Type: Decimal, Value: 0, Direction: Input
Name: @WeightForAge, Type: Decimal, Value: 0, Direction: Input
Name: WeightForHeight, Type: Int, Value: 0, Direction: Input
Name: @StartTime, Type: DateTime, Value: 18/06/2014 12:41:15, Direction: Input
Name: @UserId, Type: Int, Value: 1, Direction: Input
Name: @DataQlty, Type: Int, Value: 0, Direction: Input
Name: @signature, Type: Int, Value: 0, Direction: Input

2014-06-18 12:41:15,308 [21] ERROR Application.Common.CLogger - Exception Message: System.Data.SqlClient.SqlException (0x80131904): Error converting data type nvarchar to datetime.
   at System.Data.SqlClient.SqlConnection.OnError(SqlException exception, Boolean breakConnection, Action`1 wrapCloseInAction)
   at System.Data.SqlClient.TdsParser.ThrowExceptionAndWarning(TdsParserStateObject stateObj, Boolean callerHasConnectionLock, Boolean asyncClose)
   at System.Data.SqlClient.TdsParser.TryRun(RunBehavior runBehavior, SqlCommand cmdHandler, SqlDataReader dataStream, BulkCopySimpleResultSet bulkCopyHandler, TdsParserStateObject stateObj, Boolean& dataReady)
   at System.Data.SqlClient.SqlDataReader.TryConsumeMetaData()
   at System.Data.SqlClient.SqlDataReader.get_MetaData()
   at System.Data.SqlClient.SqlCommand.FinishExecuteReader(SqlDataReader ds, RunBehavior runBehavior, String resetOptionsString)
   at System.Data.SqlClient.SqlCommand.RunExecuteReaderTds(CommandBehavior cmdBehavior, RunBehavior runBehavior, Boolean returnStream, Boolean async, Int32 timeout, Task& task, Boolean asyncWrite, SqlDataReader ds)
   at System.Data.SqlClient.SqlCommand.RunExecuteReader(CommandBehavior cmdBehavior, RunBehavior runBehavior, Boolean returnStream, String method, TaskCompletionSource`1 completion, Int32 timeout, Task& task, Boolean asyncWrite)
   at System.Data.SqlClient.SqlCommand.RunExecuteReader(CommandBehavior cmdBehavior, RunBehavior runBehavior, Boolean returnStream, String method)
   at System.Data.SqlClient.SqlCommand.ExecuteReader(CommandBehavior behavior, String method)
   at System.Data.SqlClient.SqlCommand.ExecuteDbDataReader(CommandBehavior behavior)
   at System.Data.Common.DbCommand.System.Data.IDbCommand.ExecuteReader(CommandBehavior behavior)
   at System.Data.Common.DbDataAdapter.FillInternal(DataSet dataset, DataTable[] datatables, Int32 startRecord, Int32 maxRecords, String srcTable, IDbCommand command, CommandBehavior behavior)
   at System.Data.Common.DbDataAdapter.Fill(DataSet dataSet, Int32 startRecord, Int32 maxRecords, String srcTable, IDbCommand command, CommandBehavior behavior)
   at System.Data.Common.DbDataAdapter.Fill(DataSet dataSet)
   at DataAccess.Entity.ClsObject.ReturnObject(Hashtable Params, String CommandText, ObjectEnum Obj) in C:\IQCare 3.6.0\SourceBase\DataAccess\DataAccess.Entity\ClsObject.cs:line 105
ClientConnectionId:3cf75cfe-5053-421a-8d31-5da841f090a0
2014-06-18 12:41:15,309 [21] ERROR Application.Common.CLogger - ---------------------------------------------------------------------------------------
