2014-06-19 13:02:05,825 [15] ERROR Application.Common.CLogger - Namespace: DataAccess.Entity, Class: ClsObject, Method: ReturnObject - Call started.
2014-06-19 13:02:05,832 [15] ERROR Application.Common.CLogger - CommandText: pr_GetExistingVisitingDate
2014-06-19 13:02:05,832 [15] ERROR Application.Common.CLogger - Parameters: 
Name: @Ptn_pk, Type: Int, Value: 38, Direction: Input
Name: @VisitDate, Type: VarChar, Value: 6/19/2014 12:00:00 AM, Direction: Input
Name: @location, Type: Int, Value: 1018, Direction: Input
Name: @Visittype, Type: Int, Value: 23, Direction: Input

2014-06-19 13:02:05,833 [15] ERROR Application.Common.CLogger - Exception Message: System.Data.SqlClient.SqlException (0x80131904): Conversion failed when converting date and/or time from character string.
   at System.Data.SqlClient.SqlConnection.OnError(SqlException exception, Boolean breakConnection, Action`1 wrapCloseInAction)
   at System.Data.SqlClient.TdsParser.ThrowExceptionAndWarning(TdsParserStateObject stateObj, Boolean callerHasConnectionLock, Boolean asyncClose)
   at System.Data.SqlClient.TdsParser.TryRun(RunBehavior runBehavior, SqlCommand cmdHandler, SqlDataReader dataStream, BulkCopySimpleResultSet bulkCopyHandler, TdsParserStateObject stateObj, Boolean& dataReady)
   at System.Data.SqlClient.SqlDataReader.TryHasMoreRows(Boolean& moreRows)
   at System.Data.SqlClient.SqlDataReader.TryReadInternal(Boolean setTimeout, Boolean& more)
   at System.Data.SqlClient.SqlDataReader.Read()
   at System.Data.Common.DataAdapter.FillLoadDataRow(SchemaMapping mapping)
   at System.Data.Common.DataAdapter.FillFromReader(DataSet dataset, DataTable datatable, String srcTable, DataReaderContainer dataReader, Int32 startRecord, Int32 maxRecords, DataColumn parentChapterColumn, Object parentChapterValue)
   at System.Data.Common.DataAdapter.Fill(DataSet dataSet, String srcTable, IDataReader dataReader, Int32 startRecord, Int32 maxRecords)
   at System.Data.Common.DbDataAdapter.FillInternal(DataSet dataset, DataTable[] datatables, Int32 startRecord, Int32 maxRecords, String srcTable, IDbCommand command, CommandBehavior behavior)
   at System.Data.Common.DbDataAdapter.Fill(DataSet dataSet, Int32 startRecord, Int32 maxRecords, String srcTable, IDbCommand command, CommandBehavior behavior)
   at System.Data.Common.DbDataAdapter.Fill(DataSet dataSet)
   at DataAccess.Entity.ClsObject.ReturnObject(Hashtable Params, String CommandText, ObjectEnum Obj) in C:\IQCare 3.6.0\SourceBase\DataAccess\DataAccess.Entity\ClsObject.cs:line 105
ClientConnectionId:34c8ab10-d371-409c-807f-3724c9e72fe3
2014-06-19 13:02:05,833 [15] ERROR Application.Common.CLogger - ---------------------------------------------------------------------------------------
