2014-06-18 13:11:13,130 [18] ERROR Application.Common.CLogger - Namespace: DataAccess.Entity, Class: ClsObject, Method: ReturnObject - Call started.
2014-06-18 13:11:13,148 [18] ERROR Application.Common.CLogger - CommandText: pr_Clinical_SaveUpdate_KNH_PaediatricFollow_FORM_TriageTab
2014-06-18 13:11:13,148 [18] ERROR Application.Common.CLogger - Parameters: 
Name: @Ptn_pk, Type: Int, Value: 3073, Direction: Input
Name: @Visit_Pk, Type: Int, Value: 0, Direction: Input
Name: @locationID, Type: Int, Value: 1018, Direction: Input
Name: @visitDate, Type: VarChar, Value: 18-Jun-2014, Direction: Input
Name: @ChildAccompaniedByCaregiver, Type: Int, Value: 0, Direction: Input
Name: @TreatmentSupporterRelationship, Type: Int, Value: 0, Direction: Input
Name: @PrimaryCareGiver, Type: VarChar, Value: , Direction: Input
Name: @DisclosureStatus, Type: Int, Value: 0, Direction: Input
Name: @ReasonNotDisclosed, Type: VarChar, Value: , Direction: Input
Name: @OtherDisclosureReason, Type: VarChar, Value: , Direction: Input
Name: @FatherAlive2, Type: Int, Value: 9, Direction: Input
Name: @DateOfDeathFather, Type: VarChar, Value: , Direction: Input
Name: @MotherAlive2, Type: Int, Value: 9, Direction: Input
Name: @DateOfDeathMother, Type: VarChar, Value: , Direction: Input
Name: @HealthEducation, Type: Int, Value: , Direction: Input
Name: @SchoolingStatus, Type: Int, Value: 0, Direction: Input
Name: @HighestLevelAttained, Type: Int, Value: 0, Direction: Input
Name: @HIVSupportGroup, Type: Int, Value: , Direction: Input
Name: @HIVSupportGroupMembership, Type: VarChar, Value: , Direction: Input
Name: @AddressChanged, Type: Int, Value: 0, Direction: Input
Name: @AddressChange, Type: VarChar, Value: , Direction: Input
Name: @PhoneNoChange, Type: VarChar, Value: , Direction: Input
Name: @NursesComments, Type: VarChar, Value: , Direction: Input
Name: @Temp, Type: Decimal, Value: 0, Direction: Input
Name: @RR, Type: Decimal, Value: 0, Direction: Input
Name: @HR, Type: Decimal, Value: 0, Direction: Input
Name: @height, Type: Decimal, Value: 33, Direction: Input
Name: @weight, Type: Decimal, Value: 33, Direction: Input
Name: @BPDiastolic, Type: Decimal, Value: 33, Direction: Input
Name: @BPSystolic, Type: Decimal, Value: 33, Direction: Input
Name: @HeadCircumference, Type: Decimal, Value: 0, Direction: Input
Name: @WeightForAge, Type: Decimal, Value: 0, Direction: Input
Name: WeightForHeight, Type: Int, Value: 0, Direction: Input
Name: @StartTime, Type: VarChar, Value: 18/06/2014 13:11:12, Direction: Input
Name: @UserId, Type: Int, Value: 1, Direction: Input
Name: @DataQlty, Type: Int, Value: 0, Direction: Input
Name: @signature, Type: Int, Value: 0, Direction: Input

2014-06-18 13:11:13,149 [18] ERROR Application.Common.CLogger - Exception Message: System.Data.SqlClient.SqlException (0x80131904): Conversion failed when converting date and/or time from character string.
   at System.Data.SqlClient.SqlConnection.OnError(SqlException exception, Boolean breakConnection, Action`1 wrapCloseInAction)
   at System.Data.SqlClient.TdsParser.ThrowExceptionAndWarning(TdsParserStateObject stateObj, Boolean callerHasConnectionLock, Boolean asyncClose)
   at System.Data.SqlClient.TdsParser.TryRun(RunBehavior runBehavior, SqlCommand cmdHandler, SqlDataReader dataStream, BulkCopySimpleResultSet bulkCopyHandler, TdsParserStateObject stateObj, Boolean& dataReady)
   at System.Data.SqlClient.SqlDataReader.TryHasMoreRows(Boolean& moreRows)
   at System.Data.SqlClient.SqlDataReader.TryReadInternal(Boolean setTimeout, Boolean& more)
   at System.Data.SqlClient.SqlDataReader.TryNextResult(Boolean& more)
   at System.Data.SqlClient.SqlDataReader.NextResult()
   at System.Data.Common.DataAdapter.FillNextResult(DataReaderContainer dataReader)
   at System.Data.Common.DataAdapter.FillFromReader(DataSet dataset, DataTable datatable, String srcTable, DataReaderContainer dataReader, Int32 startRecord, Int32 maxRecords, DataColumn parentChapterColumn, Object parentChapterValue)
   at System.Data.Common.DataAdapter.Fill(DataSet dataSet, String srcTable, IDataReader dataReader, Int32 startRecord, Int32 maxRecords)
   at System.Data.Common.DbDataAdapter.FillInternal(DataSet dataset, DataTable[] datatables, Int32 startRecord, Int32 maxRecords, String srcTable, IDbCommand command, CommandBehavior behavior)
   at System.Data.Common.DbDataAdapter.Fill(DataSet dataSet, Int32 startRecord, Int32 maxRecords, String srcTable, IDbCommand command, CommandBehavior behavior)
   at System.Data.Common.DbDataAdapter.Fill(DataSet dataSet)
   at DataAccess.Entity.ClsObject.ReturnObject(Hashtable Params, String CommandText, ObjectEnum Obj) in C:\IQCare 3.6.0\SourceBase\DataAccess\DataAccess.Entity\ClsObject.cs:line 105
ClientConnectionId:da890979-0704-48ca-8611-d1861387903d
2014-06-18 13:11:13,150 [18] ERROR Application.Common.CLogger - ---------------------------------------------------------------------------------------
