2015-09-04 16:05:30,883 [31] INFO - Form: frmLogin, Method: Page_Load() begin!
2015-09-04 16:05:30,894 [31] INFO - Form: frmLogin, Method: Init_Form() begin!
2015-09-04 16:05:30,900 [31] INFO - Form: frmLogin, Method: BindCombo() begin!
2015-09-04 16:05:31,147 [31] INFO - Form: frmLogin, Method: BindCombo() end!
2015-09-04 16:05:31,150 [31] INFO - Form: frmLogin, Method: GetApplicationParameters() begin!
2015-09-04 16:05:31,174 [31] INFO - Form: frmLogin, Method: GetApplicationParameters() end!
2015-09-04 16:05:31,180 [31] INFO - Form: frmLogin, Method: Init_Form() end!
2015-09-04 16:05:31,187 [31] INFO - Form: frmLogin, Method: Page_Load() end!
2015-09-04 16:05:34,473 [31] INFO - Form: frmLogin, Method: Page_Load() begin!
2015-09-04 16:05:34,476 [31] INFO - Form: frmLogin, Method: Page_Load() end!
2015-09-04 16:05:34,480 [31] INFO - Form: frmLogin, Method: ValidateLogin() begin!
2015-09-04 16:05:34,485 [31] INFO - Form: frmLogin, Method: ValidateLogin() end!
2015-09-04 16:05:34,488 [31] INFO - Form: frmLogin, Method: btnLogin_Click() begin!
2015-09-04 16:05:34,599 [31] INFO - Form: frmLogin, Method: btnLogin_Click() end!
2015-09-04 16:05:47,820 [24] INFO - Form: frmLogin, Method: Page_Load() begin!
2015-09-04 16:05:47,848 [24] INFO - Form: frmLogin, Method: Init_Form() begin!
2015-09-04 16:05:47,853 [24] INFO - Form: frmLogin, Method: BindCombo() begin!
2015-09-04 16:05:47,876 [24] INFO - Form: frmLogin, Method: BindCombo() end!
2015-09-04 16:05:47,882 [24] INFO - Form: frmLogin, Method: GetApplicationParameters() begin!
2015-09-04 16:05:47,895 [24] INFO - Form: frmLogin, Method: GetApplicationParameters() end!
2015-09-04 16:05:47,899 [24] INFO - Form: frmLogin, Method: Init_Form() end!
2015-09-04 16:05:47,902 [24] INFO - Form: frmLogin, Method: Page_Load() end!
2015-09-04 16:05:51,615 [28] INFO - Form: frmLogin, Method: Page_Load() begin!
2015-09-04 16:05:51,619 [28] INFO - Form: frmLogin, Method: Page_Load() end!
2015-09-04 16:05:51,628 [28] INFO - Form: frmLogin, Method: ValidateLogin() begin!
2015-09-04 16:05:51,632 [28] INFO - Form: frmLogin, Method: ValidateLogin() end!
2015-09-04 16:05:51,637 [28] INFO - Form: frmLogin, Method: btnLogin_Click() begin!
2015-09-04 16:05:51,758 [28] INFO - Form: frmLogin, Method: btnLogin_Click() end!
