2015-09-28 12:37:25,431 [8] ERROR - System.IO.FileNotFoundException: Could not find file 'C:\inetpub\wwwroot\IQCare\IQCareMessage.xml'.
File name: 'C:\inetpub\wwwroot\IQCare\IQCareMessage.xml'
   at System.IO.__Error.WinIOError(Int32 errorCode, String maybeFullPath)
   at System.IO.FileStream.Init(String path, FileMode mode, FileAccess access, Int32 rights, Boolean useRights, FileShare share, Int32 bufferSize, FileOptions options, SECURITY_ATTRIBUTES secAttrs, String msgPath, Boolean bFromProxy, Boolean useLongPath, Boolean checkHost)
   at System.IO.FileStream..ctor(String path, FileMode mode, FileAccess access, FileShare share, Int32 bufferSize)
   at System.Xml.XmlDownloadManager.GetStream(Uri uri, ICredentials credentials, IWebProxy proxy, RequestCachePolicy cachePolicy)
   at System.Xml.XmlUrlResolver.GetEntity(Uri absoluteUri, String role, Type ofObjectToReturn)
   at System.Xml.XmlTextReaderImpl.OpenUrlDelegate(Object xmlResolver)
   at System.Threading.CompressedStack.runTryCode(Object userData)
   at System.Runtime.CompilerServices.RuntimeHelpers.ExecuteCodeWithGuaranteedCleanup(TryCode code, CleanupCode backoutCode, Object userData)
   at System.Threading.CompressedStack.Run(CompressedStack compressedStack, ContextCallback callback, Object state)
   at System.Xml.XmlTextReaderImpl.OpenUrl()
   at System.Xml.XmlTextReaderImpl.Read()
   at System.Xml.XmlLoader.Load(XmlDocument doc, XmlReader reader, Boolean preserveWhitespace)
   at System.Xml.XmlDocument.Load(XmlReader reader)
   at System.Xml.XmlDocument.Load(String filename)
   at Application.Common.MsgRepository.GetMessage(String MsgId) in C:\Projects\IQCare 3.8.0\SourceBase\DataAccess\Application.Common\MsgRepository.cs:line 25
   at Application.Presentation.IQCareMsgBox.ShowConfirm(String MessageId, WebControl cntrlName) in C:\Projects\IQCare 3.8.0\SourceBase\Presentation\Application.Presentation\IQCareMsgBox.cs:line 282
   at frmadmin_adduser.Page_Init(Object sender, EventArgs e) in C:\Projects\IQCare 3.8.0\SourceBase\Presentation\PresentationApp\AdminForms\frmadmin_adduser.aspx.cs:line 326
   at System.Web.Util.CalliEventHandlerDelegateProxy.Callback(Object sender, EventArgs e)
   at System.Web.UI.Control.OnInit(EventArgs e)
   at System.Web.UI.Page.OnInit(EventArgs e)
   at System.Web.UI.Control.InitRecursive(Control namingContainer)
   at System.Web.UI.Page.ProcessRequestMain(Boolean includeStagesBeforeAsyncPoint, Boolean includeStagesAfterAsyncPoint)
2015-09-28 12:37:29,652 [8] ERROR - System.NullReferenceException: Object reference not set to an instance of an object.
   at Application.Common.MsgRepository.GetMessage(String MsgId) in C:\Projects\IQCare 3.8.0\SourceBase\DataAccess\Application.Common\MsgRepository.cs:line 29
   at Application.Presentation.IQCareMsgBox.ShowConfirm(String MessageId, WebControl cntrlName) in C:\Projects\IQCare 3.8.0\SourceBase\Presentation\Application.Presentation\IQCareMsgBox.cs:line 282
   at frmadmin_adduser.Page_Init(Object sender, EventArgs e) in C:\Projects\IQCare 3.8.0\SourceBase\Presentation\PresentationApp\AdminForms\frmadmin_adduser.aspx.cs:line 326
   at System.Web.Util.CalliEventHandlerDelegateProxy.Callback(Object sender, EventArgs e)
   at System.Web.UI.Control.OnInit(EventArgs e)
   at System.Web.UI.Page.OnInit(EventArgs e)
   at System.Web.UI.Control.InitRecursive(Control namingContainer)
   at System.Web.UI.Page.ProcessRequestMain(Boolean includeStagesBeforeAsyncPoint, Boolean includeStagesAfterAsyncPoint)
