2016-05-06 11:48:34,317 [10] ERROR - System.IndexOutOfRangeException: There is no row at position 0.
   at System.Data.RBTree`1.GetNodeByIndex(Int32 userIndex)
   at System.Data.DataRowCollection.get_Item(Int32 index)
   at PresentationApp.PharmacyDispense.frmPharmacyDispense_PatientOrder.txtDrug_TextChanged(Object sender, EventArgs e) in C:\Projects\IQCare 3.8.1\SourceBase\Presentation\PresentationApp\PharmacyDispense\frmPharmacyDispense_PatientOrder.aspx.cs:line 727
   at System.EventHandler.Invoke(Object sender, EventArgs e)
   at System.Web.UI.WebControls.TextBox.OnTextChanged(EventArgs e)
   at System.Web.UI.WebControls.TextBox.RaisePostDataChangedEvent()
   at System.Web.UI.WebControls.TextBox.System.Web.UI.IPostBackDataHandler.RaisePostDataChangedEvent()
   at System.Web.UI.Page.RaiseChangedEvents()
   at System.Web.UI.Page.ProcessRequestMain(Boolean includeStagesBeforeAsyncPoint, Boolean includeStagesAfterAsyncPoint)
2016-05-06 11:48:34,393 [10] ERROR - System.ArgumentNullException: Value cannot be null.
Parameter name: exception
   at System.Web.UI.AsyncPostBackErrorEventArgs..ctor(Exception exception)
   at System.Web.UI.PageRequestManager.OnPageError(Object sender, EventArgs e)
   at System.EventHandler.Invoke(Object sender, EventArgs e)
   at System.Web.UI.TemplateControl.OnError(EventArgs e)
   at System.Web.UI.Page.HandleError(Exception e)
   at System.Web.UI.Page.ProcessRequestMain(Boolean includeStagesBeforeAsyncPoint, Boolean includeStagesAfterAsyncPoint)
   at System.Web.UI.Page.ProcessRequest(Boolean includeStagesBeforeAsyncPoint, Boolean includeStagesAfterAsyncPoint)
   at System.Web.UI.Page.ProcessRequest()
   at System.Web.UI.Page.ProcessRequestWithNoAssert(HttpContext context)
   at System.Web.UI.Page.ProcessRequest(HttpContext context)
   at ASP.pharmacydispense_frmpharmacydispense_patientorder_aspx.ProcessRequest(HttpContext context) in c:\Users\gaurav\AppData\Local\Temp\Temporary ASP.NET Files\root\fd0f1cbd\ce8f20d\App_Web_txyhov32.2.cs:line 0
   at System.Web.HttpApplication.CallHandlerExecutionStep.System.Web.HttpApplication.IExecutionStep.Execute()
   at System.Web.HttpApplication.ExecuteStep(IExecutionStep step, Boolean& completedSynchronously)
