2016-02-02 11:55:01,581 [14] ERROR - System.Web.HttpException (0x80004005): The server tag is not well formed.
   at System.Web.UI.TemplateParser.ProcessError(String message)
   at System.Web.UI.TemplateParser.DetectSpecialServerTagError(String text, Int32 textPos)
   at System.Web.UI.TemplateParser.ParseStringInternal(String text, Encoding fileEncoding)
   at System.Web.UI.TemplateParser.ParseString(String text, VirtualPath virtualPath, Encoding fileEncoding)
2016-02-02 11:55:02,193 [11] ERROR - System.Web.HttpException (0x80004005): The server tag is not well formed.
   at System.Web.UI.TemplateParser.ProcessError(String message)
   at System.Web.UI.TemplateParser.DetectSpecialServerTagError(String text, Int32 textPos)
   at System.Web.UI.TemplateParser.ParseStringInternal(String text, Encoding fileEncoding)
   at System.Web.UI.TemplateParser.ParseString(String text, VirtualPath virtualPath, Encoding fileEncoding)
2016-02-02 11:55:39,996 [11] ERROR - System.Web.HttpException (0x80004005): The server tag is not well formed.
   at System.Web.UI.TemplateParser.ProcessError(String message)
   at System.Web.UI.TemplateParser.DetectSpecialServerTagError(String text, Int32 textPos)
   at System.Web.UI.TemplateParser.ParseStringInternal(String text, Encoding fileEncoding)
   at System.Web.UI.TemplateParser.ParseString(String text, VirtualPath virtualPath, Encoding fileEncoding)
2016-02-02 11:55:40,594 [11] ERROR - System.Web.HttpException (0x80004005): The server tag is not well formed.
   at System.Web.UI.TemplateParser.ProcessError(String message)
   at System.Web.UI.TemplateParser.DetectSpecialServerTagError(String text, Int32 textPos)
   at System.Web.UI.TemplateParser.ParseStringInternal(String text, Encoding fileEncoding)
   at System.Web.UI.TemplateParser.ParseString(String text, VirtualPath virtualPath, Encoding fileEncoding)
