2016-05-18 11:58:39,766 [20] ERROR - System.Web.HttpException (0x80004005): The state information is invalid for this page and might be corrupted. ---> System.Web.UI.ViewStateException: Invalid viewstate. 
	Client IP: ::1
	Port: 
	Referer: http://localhost:65081/AdminForms/frmAdmin_FacilityList.aspx
	Path: /AdminForms/frmAdmin_FacilityList.aspx
	User-Agent: Mozilla/5.0 (Windows NT 10.0; WOW64) AppleWebKit/537.36 (KHTML, like Gecko) Chrome/50.0.2661.102 Safari/537.36
	ViewState: /wEPDwULLTIwODU3NDgxMzgPFgYeCkZhY2lsaXR5RFMyl+EFAAEAAAD/////AQAAAAAAAAAMAgAAAE5TeXN0ZW0uRGF0YSwgVmVyc2lvbj00LjAuMC4wLCBDdWx0dXJlPW5ldXRyYWwsIFB1YmxpY0tleVRva2VuPWI3N2E1YzU2MTkzNGUwODkFAQAAABNTeXN0ZW0uRGF0YS5EYXRhU2V0AwAAABdEYXRhU2V0LlJlbW90aW5nVmVyc2lvbglYbWxTY2hlbWELWG1sRGlmZkdyYW0DAQEOU3lzdGVtLlZlcnNpb24CAAAACQMAAAAGBAAAAIkoPD94bWwgdmVyc2lvbj0iMS4wIiBlbmNvZGluZz0idXRmLTE2Ij8+DQo8eHM6c2NoZW1hIGlkPSJOZXdEYXRhU2V0IiB4bWxucz0iIiB4bWxuczp4cz0iaHR0cDovL3d3dy53My5vcmcvMjAwMS9YTUxTY2hlbWEiIHhtbG5zOm1zZGF0YT0idXJuOnNjaGVtYXMtbWljcm9zb2Z0LWNvbTp4bWwtbXNkYXRhIj4NCiAgPHhzOmVsZW1lbnQgbmFtZT0iTmV3RGF0YVNldCIgbXNkYXRhOklzRGF0YVNldD0idHJ1ZSIgbXNkYXRhOlVzZUN1cnJlbnRMb2NhbGU9InRydWUiPg0KICAgIDx4czpjb21wbGV4VHlwZT4NCiAgICAgIDx4czpjaG9pY2UgbWluT... ---> System.FormatException: Invalid length for a Base-64 char array or string.
   at System.Convert.FromBase64_Decode(Char* startInputPtr, Int32 inputLength, Byte* startDestPtr, Int32 destLength)
   at System.Convert.FromBase64CharPtr(Char* inputPtr, Int32 inputLength)
   at System.Convert.FromBase64String(String s)
   at System.Web.UI.ObjectStateFormatter.Deserialize(String inputString, Purpose purpose)
   at System.Web.UI.ObjectStateFormatter.System.Web.UI.IStateFormatter2.Deserialize(String serializedState, Purpose purpose)
   at System.Web.UI.Util.DeserializeWithAssert(IStateFormatter2 formatter, String serializedState, Purpose purpose)
   at System.Web.UI.HiddenFieldPageStatePersister.Load()
   --- End of inner exception stack trace ---
   at System.Web.UI.ViewStateException.ThrowError(Exception inner, String persistedState, String errorPageMessage, Boolean macValidationError)
   at System.Web.UI.HiddenFieldPageStatePersister.Load()
   at System.Web.UI.Page.LoadPageStateFromPersistenceMedium()
   at System.Web.UI.Page.LoadAllState()
   at System.Web.UI.Page.ProcessRequestMain(Boolean includeStagesBeforeAsyncPoint, Boolean includeStagesAfterAsyncPoint)
