2016-05-19 15:15:13,460 [20] ERROR - System.Net.Sockets.SocketException (0x80004005): No connection could be made because the target machine actively refused it 127.0.0.1:8001

Server stack trace: 
   at System.Net.Sockets.Socket.DoConnect(EndPoint endPointSnapshot, SocketAddress socketAddress)
   at System.Net.Sockets.Socket.Connect(EndPoint remoteEP)
   at System.Runtime.Remoting.Channels.RemoteConnection.CreateNewSocket(EndPoint ipEndPoint)
   at System.Runtime.Remoting.Channels.RemoteConnection.CreateNewSocket()
   at System.Runtime.Remoting.Channels.RemoteConnection.GetSocket()
   at System.Runtime.Remoting.Channels.SocketCache.GetSocket(String machinePortAndSid, Boolean openNew)
   at System.Runtime.Remoting.Channels.Tcp.TcpClientTransportSink.SendRequestWithRetry(IMessage msg, ITransportHeaders requestHeaders, Stream requestStream)
   at System.Runtime.Remoting.Channels.Tcp.TcpClientTransportSink.ProcessMessage(IMessage msg, ITransportHeaders requestHeaders, Stream requestStream, ITransportHeaders& responseHeaders, Stream& responseStream)
   at System.Runtime.Remoting.Channels.BinaryClientFormatterSink.SyncProcessMessage(IMessage msg)

Exception rethrown at [0]: 
   at System.Runtime.Remoting.Proxies.RealProxy.HandleReturnMessage(IMessage reqMsg, IMessage retMsg)
   at System.Runtime.Remoting.Proxies.RealProxy.PrivateInvoke(MessageData& msgData, Int32 type)
   at Application.Interface.IBusinessServerFactory.CreateInstance(String type)
   at Application.Presentation.ObjectFactory.CreateInstance(String type) in C:\Projects\IQCare 3.8.1\SourceBase\Presentation\Application.Presentation\ObjectFactory.cs:line 15
   at PresentationApp.ClinicalForms.UserControl.UserControlKNH_Extruder..ctor() in C:\Projects\IQCare 3.8.1\SourceBase\Presentation\PresentationApp\ClinicalForms\UserControl\UserControlKNH_Extruder.ascx.cs:line 16
   at ASP.clinicalforms_usercontrol_usercontrolknh_extruder_ascx..ctor() in c:\Users\gaurav\AppData\Local\Temp\Temporary ASP.NET Files\root\fd0f1cbd\ce8f20d\App_Web_hq0nwsaw.0.cs:line 0
   at ASP.masterpage_iqcare_master.__BuildControlUserControlKNH_Extruder1() in c:\Projects\IQCare 3.8.1\SourceBase\Presentation\PresentationApp\MasterPage\IQCare.master:line 198
   at ASP.masterpage_iqcare_master.__BuildControlpnlExtruder() in c:\Projects\IQCare 3.8.1\SourceBase\Presentation\PresentationApp\MasterPage\IQCare.master:line 197
   at ASP.masterpage_iqcare_master.__BuildControlform1() in c:\Projects\IQCare 3.8.1\SourceBase\Presentation\PresentationApp\MasterPage\IQCare.master:line 127
   at ASP.masterpage_iqcare_master.__BuildControlTree(masterpage_iqcare_master __ctrl) in c:\Projects\IQCare 3.8.1\SourceBase\Presentation\PresentationApp\MasterPage\IQCare.master:line 1
   at ASP.masterpage_iqcare_master.FrameworkInitialize() in c:\Users\gaurav\AppData\Local\Temp\Temporary ASP.NET Files\root\fd0f1cbd\ce8f20d\App_Web_xavjcsey.0.cs:line 0
   at System.Web.UI.UserControl.InitializeAsUserControlInternal()
   at System.Web.UI.MasterPage.CreateMaster(TemplateControl owner, HttpContext context, VirtualPath masterPageFile, IDictionary contentTemplateCollection)
   at System.Web.UI.Page.get_Master()
   at System.Web.UI.Page.ApplyMasterPage()
   at System.Web.UI.Page.PerformPreInit()
   at System.Web.UI.Page.ProcessRequestMain(Boolean includeStagesBeforeAsyncPoint, Boolean includeStagesAfterAsyncPoint)
2016-05-19 15:15:22,504 [18] ERROR - System.Net.Sockets.SocketException (0x80004005): No connection could be made because the target machine actively refused it 127.0.0.1:8001

Server stack trace: 
   at System.Net.Sockets.Socket.DoConnect(EndPoint endPointSnapshot, SocketAddress socketAddress)
   at System.Net.Sockets.Socket.Connect(EndPoint remoteEP)
   at System.Runtime.Remoting.Channels.RemoteConnection.CreateNewSocket(EndPoint ipEndPoint)
   at System.Runtime.Remoting.Channels.RemoteConnection.CreateNewSocket()
   at System.Runtime.Remoting.Channels.RemoteConnection.GetSocket()
   at System.Runtime.Remoting.Channels.SocketCache.GetSocket(String machinePortAndSid, Boolean openNew)
   at System.Runtime.Remoting.Channels.Tcp.TcpClientTransportSink.SendRequestWithRetry(IMessage msg, ITransportHeaders requestHeaders, Stream requestStream)
   at System.Runtime.Remoting.Channels.Tcp.TcpClientTransportSink.ProcessMessage(IMessage msg, ITransportHeaders requestHeaders, Stream requestStream, ITransportHeaders& responseHeaders, Stream& responseStream)
   at System.Runtime.Remoting.Channels.BinaryClientFormatterSink.SyncProcessMessage(IMessage msg)

Exception rethrown at [0]: 
   at System.Runtime.Remoting.Proxies.RealProxy.HandleReturnMessage(IMessage reqMsg, IMessage retMsg)
   at System.Runtime.Remoting.Proxies.RealProxy.PrivateInvoke(MessageData& msgData, Int32 type)
   at Application.Interface.IBusinessServerFactory.CreateInstance(String type)
   at Application.Presentation.ObjectFactory.CreateInstance(String type) in C:\Projects\IQCare 3.8.1\SourceBase\Presentation\Application.Presentation\ObjectFactory.cs:line 15
   at PresentationApp.ClinicalForms.UserControl.UserControlKNH_Extruder..ctor() in C:\Projects\IQCare 3.8.1\SourceBase\Presentation\PresentationApp\ClinicalForms\UserControl\UserControlKNH_Extruder.ascx.cs:line 16
   at ASP.clinicalforms_usercontrol_usercontrolknh_extruder_ascx..ctor() in c:\Users\gaurav\AppData\Local\Temp\Temporary ASP.NET Files\root\fd0f1cbd\ce8f20d\App_Web_hq0nwsaw.0.cs:line 0
   at ASP.masterpage_iqcare_master.__BuildControlUserControlKNH_Extruder1() in c:\Projects\IQCare 3.8.1\SourceBase\Presentation\PresentationApp\MasterPage\IQCare.master:line 198
   at ASP.masterpage_iqcare_master.__BuildControlpnlExtruder() in c:\Projects\IQCare 3.8.1\SourceBase\Presentation\PresentationApp\MasterPage\IQCare.master:line 197
   at ASP.masterpage_iqcare_master.__BuildControlform1() in c:\Projects\IQCare 3.8.1\SourceBase\Presentation\PresentationApp\MasterPage\IQCare.master:line 127
   at ASP.masterpage_iqcare_master.__BuildControlTree(masterpage_iqcare_master __ctrl) in c:\Projects\IQCare 3.8.1\SourceBase\Presentation\PresentationApp\MasterPage\IQCare.master:line 1
   at ASP.masterpage_iqcare_master.FrameworkInitialize() in c:\Users\gaurav\AppData\Local\Temp\Temporary ASP.NET Files\root\fd0f1cbd\ce8f20d\App_Web_xavjcsey.0.cs:line 0
   at System.Web.UI.UserControl.InitializeAsUserControlInternal()
   at System.Web.UI.MasterPage.CreateMaster(TemplateControl owner, HttpContext context, VirtualPath masterPageFile, IDictionary contentTemplateCollection)
   at System.Web.UI.Page.get_Master()
   at System.Web.UI.Page.ApplyMasterPage()
   at System.Web.UI.Page.PerformPreInit()
   at System.Web.UI.Page.ProcessRequestMain(Boolean includeStagesBeforeAsyncPoint, Boolean includeStagesAfterAsyncPoint)
2016-05-19 15:15:25,703 [15] ERROR - System.Net.Sockets.SocketException (0x80004005): No connection could be made because the target machine actively refused it 127.0.0.1:8001

Server stack trace: 
   at System.Net.Sockets.Socket.DoConnect(EndPoint endPointSnapshot, SocketAddress socketAddress)
   at System.Net.Sockets.Socket.Connect(EndPoint remoteEP)
   at System.Runtime.Remoting.Channels.RemoteConnection.CreateNewSocket(EndPoint ipEndPoint)
   at System.Runtime.Remoting.Channels.RemoteConnection.CreateNewSocket()
   at System.Runtime.Remoting.Channels.RemoteConnection.GetSocket()
   at System.Runtime.Remoting.Channels.SocketCache.GetSocket(String machinePortAndSid, Boolean openNew)
   at System.Runtime.Remoting.Channels.Tcp.TcpClientTransportSink.SendRequestWithRetry(IMessage msg, ITransportHeaders requestHeaders, Stream requestStream)
   at System.Runtime.Remoting.Channels.Tcp.TcpClientTransportSink.ProcessMessage(IMessage msg, ITransportHeaders requestHeaders, Stream requestStream, ITransportHeaders& responseHeaders, Stream& responseStream)
   at System.Runtime.Remoting.Channels.BinaryClientFormatterSink.SyncProcessMessage(IMessage msg)

Exception rethrown at [0]: 
   at System.Runtime.Remoting.Proxies.RealProxy.HandleReturnMessage(IMessage reqMsg, IMessage retMsg)
   at System.Runtime.Remoting.Proxies.RealProxy.PrivateInvoke(MessageData& msgData, Int32 type)
   at Application.Interface.IBusinessServerFactory.CreateInstance(String type)
   at Application.Presentation.ObjectFactory.CreateInstance(String type) in C:\Projects\IQCare 3.8.1\SourceBase\Presentation\Application.Presentation\ObjectFactory.cs:line 15
   at PresentationApp.ClinicalForms.UserControl.UserControlKNH_Extruder..ctor() in C:\Projects\IQCare 3.8.1\SourceBase\Presentation\PresentationApp\ClinicalForms\UserControl\UserControlKNH_Extruder.ascx.cs:line 16
   at ASP.clinicalforms_usercontrol_usercontrolknh_extruder_ascx..ctor() in c:\Users\gaurav\AppData\Local\Temp\Temporary ASP.NET Files\root\fd0f1cbd\ce8f20d\App_Web_hq0nwsaw.0.cs:line 0
   at ASP.masterpage_iqcare_master.__BuildControlUserControlKNH_Extruder1() in c:\Projects\IQCare 3.8.1\SourceBase\Presentation\PresentationApp\MasterPage\IQCare.master:line 198
   at ASP.masterpage_iqcare_master.__BuildControlpnlExtruder() in c:\Projects\IQCare 3.8.1\SourceBase\Presentation\PresentationApp\MasterPage\IQCare.master:line 197
   at ASP.masterpage_iqcare_master.__BuildControlform1() in c:\Projects\IQCare 3.8.1\SourceBase\Presentation\PresentationApp\MasterPage\IQCare.master:line 127
   at ASP.masterpage_iqcare_master.__BuildControlTree(masterpage_iqcare_master __ctrl) in c:\Projects\IQCare 3.8.1\SourceBase\Presentation\PresentationApp\MasterPage\IQCare.master:line 1
   at ASP.masterpage_iqcare_master.FrameworkInitialize() in c:\Users\gaurav\AppData\Local\Temp\Temporary ASP.NET Files\root\fd0f1cbd\ce8f20d\App_Web_xavjcsey.0.cs:line 0
   at System.Web.UI.UserControl.InitializeAsUserControlInternal()
   at System.Web.UI.MasterPage.CreateMaster(TemplateControl owner, HttpContext context, VirtualPath masterPageFile, IDictionary contentTemplateCollection)
   at System.Web.UI.Page.get_Master()
   at System.Web.UI.Page.ApplyMasterPage()
   at System.Web.UI.Page.PerformPreInit()
   at System.Web.UI.Page.ProcessRequestMain(Boolean includeStagesBeforeAsyncPoint, Boolean includeStagesAfterAsyncPoint)
