2016-02-05 11:56:32,643 [23] ERROR - System.IO.FileNotFoundException: Could not find file 'C:\Projects\IQCare 3.8.0\SourceBase\Presentation\PresentationApp\XMLFiles\ALLMasters.con'.
File name: 'C:\Projects\IQCare 3.8.0\SourceBase\Presentation\PresentationApp\XMLFiles\ALLMasters.con'
   at System.IO.__Error.WinIOError(Int32 errorCode, String maybeFullPath)
   at System.IO.FileStream.Init(String path, FileMode mode, FileAccess access, Int32 rights, Boolean useRights, FileShare share, Int32 bufferSize, FileOptions options, SECURITY_ATTRIBUTES secAttrs, String msgPath, Boolean bFromProxy, Boolean useLongPath, Boolean checkHost)
   at System.IO.FileStream..ctor(String path, FileMode mode, FileAccess access, FileShare share, Int32 bufferSize)
   at System.Xml.XmlDownloadManager.GetStream(Uri uri, ICredentials credentials, IWebProxy proxy, RequestCachePolicy cachePolicy)
   at System.Xml.XmlUrlResolver.GetEntity(Uri absoluteUri, String role, Type ofObjectToReturn)
   at System.Xml.XmlTextReaderImpl.OpenUrlDelegate(Object xmlResolver)
   at System.Threading.CompressedStack.runTryCode(Object userData)
   at System.Runtime.CompilerServices.RuntimeHelpers.ExecuteCodeWithGuaranteedCleanup(TryCode code, CleanupCode backoutCode, Object userData)
   at System.Threading.CompressedStack.Run(CompressedStack compressedStack, ContextCallback callback, Object state)
   at System.Xml.XmlTextReaderImpl.OpenUrl()
   at System.Xml.XmlTextReaderImpl.Read()
   at System.Xml.XmlTextReader.Read()
   at System.Xml.XmlReader.MoveToContent()
   at System.Data.DataSet.ReadXml(XmlReader reader, Boolean denyResolving)
   at System.Data.DataSet.ReadXml(String fileName)
   at PresentationApp.ClinicalForms.frmClinical_KNH_MEI.BindList() in C:\Projects\IQCare 3.8.0\SourceBase\Presentation\PresentationApp\ClinicalForms\frmClinical_KNH_MEI.aspx.cs:line 141
   at PresentationApp.ClinicalForms.frmClinical_KNH_MEI.Page_Init(Object sender, EventArgs e) in C:\Projects\IQCare 3.8.0\SourceBase\Presentation\PresentationApp\ClinicalForms\frmClinical_KNH_MEI.aspx.cs:line 30
   at System.Web.Util.CalliEventHandlerDelegateProxy.Callback(Object sender, EventArgs e)
   at System.Web.UI.Control.OnInit(EventArgs e)
   at System.Web.UI.Page.OnInit(EventArgs e)
   at System.Web.UI.Control.InitRecursive(Control namingContainer)
   at System.Web.UI.Page.ProcessRequestMain(Boolean includeStagesBeforeAsyncPoint, Boolean includeStagesAfterAsyncPoint)
